Using pre-set license
Built from '2022.3/staging' branch; Version is '2022.3.14f1 (eff2de9070d8) revision 15725278'; Using compiler version '192829333'; Build Type 'Release'
OS: 'Windows 10  (10.0.19045) 64bit Core' Language: 'ru' Physical Memory: 32621 MB
BatchMode: 1, IsHumanControllingUs: 0, StartBugReporterOnCrash: 0, Is64bit: 1, IsPro: 1

COMMAND LINE ARGUMENTS:
C:\Program Files\Unity\Hub\Editor\2022.3.14f1\Editor\Unity.exe
-adb2
-batchMode
-noUpm
-name
AssetImportWorker6
-projectPath
D:/Work/GitPrograms/GarageTest/Garage
-logFile
Logs/AssetImportWorker6.log
-srvPort
52679
Successfully changed project path to: D:/Work/GitPrograms/GarageTest/Garage
D:/Work/GitPrograms/GarageTest/Garage
[UnityMemory] Configuration Parameters - Can be set up in boot.config
    "memorysetup-bucket-allocator-granularity=16"
    "memorysetup-bucket-allocator-bucket-count=8"
    "memorysetup-bucket-allocator-block-size=33554432"
    "memorysetup-bucket-allocator-block-count=8"
    "memorysetup-main-allocator-block-size=16777216"
    "memorysetup-thread-allocator-block-size=16777216"
    "memorysetup-gfx-main-allocator-block-size=16777216"
    "memorysetup-gfx-thread-allocator-block-size=16777216"
    "memorysetup-cache-allocator-block-size=4194304"
    "memorysetup-typetree-allocator-block-size=2097152"
    "memorysetup-profiler-bucket-allocator-granularity=16"
    "memorysetup-profiler-bucket-allocator-bucket-count=8"
    "memorysetup-profiler-bucket-allocator-block-size=33554432"
    "memorysetup-profiler-bucket-allocator-block-count=8"
    "memorysetup-profiler-allocator-block-size=16777216"
    "memorysetup-profiler-editor-allocator-block-size=1048576"
    "memorysetup-temp-allocator-size-main=16777216"
    "memorysetup-job-temp-allocator-block-size=2097152"
    "memorysetup-job-temp-allocator-block-size-background=1048576"
    "memorysetup-job-temp-allocator-reduction-small-platforms=262144"
    "memorysetup-allocator-temp-initial-block-size-main=262144"
    "memorysetup-allocator-temp-initial-block-size-worker=262144"
    "memorysetup-temp-allocator-size-background-worker=32768"
    "memorysetup-temp-allocator-size-job-worker=262144"
    "memorysetup-temp-allocator-size-preload-manager=33554432"
    "memorysetup-temp-allocator-size-nav-mesh-worker=65536"
    "memorysetup-temp-allocator-size-audio-worker=65536"
    "memorysetup-temp-allocator-size-cloud-worker=32768"
    "memorysetup-temp-allocator-size-gi-baking-worker=262144"
    "memorysetup-temp-allocator-size-gfx=262144"
Player connection [27924] Host "[IP] 192.168.0.112 [Port] 0 [Flags] 2 [Guid] 3256576600 [EditorId] 3256576600 [Version] 1048832 [Id] WindowsEditor(7,DESKTOP-8F0045J) [Debug] 1 [PackageName] WindowsEditor [ProjectName] Editor" joined multi-casting on [225.0.0.222:54997]...

Player connection [27924] Host "[IP] 192.168.0.112 [Port] 0 [Flags] 2 [Guid] 3256576600 [EditorId] 3256576600 [Version] 1048832 [Id] WindowsEditor(7,DESKTOP-8F0045J) [Debug] 1 [PackageName] WindowsEditor [ProjectName] Editor" joined alternative multi-casting on [225.0.0.222:34997]...

[Physics::Module] Initialized MultithreadedJobDispatcher with 15 workers.
Refreshing native plugins compatible for Editor in 17.25 ms, found 3 plugins.
Preloading 0 native plugins for Editor in 0.00 ms.
Initialize engine version: 2022.3.14f1 (eff2de9070d8)
[Subsystems] Discovering subsystems at path C:/Program Files/Unity/Hub/Editor/2022.3.14f1/Editor/Data/Resources/UnitySubsystems
[Subsystems] Discovering subsystems at path D:/Work/GitPrograms/GarageTest/Garage/Assets
GfxDevice: creating device client; threaded=0; jobified=0
Direct3D:
    Version:  Direct3D 11.0 [level 11.1]
    Renderer: NVIDIA GeForce GTX 1050 (ID=0x1c81)
    Vendor:   NVIDIA
    VRAM:     1962 MB
    Driver:   32.0.15.6094
Initialize mono
Mono path[0] = 'C:/Program Files/Unity/Hub/Editor/2022.3.14f1/Editor/Data/Managed'
Mono path[1] = 'C:/Program Files/Unity/Hub/Editor/2022.3.14f1/Editor/Data/MonoBleedingEdge/lib/mono/unityjit-win32'
Mono config path = 'C:/Program Files/Unity/Hub/Editor/2022.3.14f1/Editor/Data/MonoBleedingEdge/etc'
Using monoOptions --debugger-agent=transport=dt_socket,embedding=1,server=y,suspend=n,address=127.0.0.1:56428
Begin MonoManager ReloadAssembly
Registering precompiled unity dll's ...
Register platform support module: C:/Program Files/Unity/Hub/Editor/2022.3.14f1/Editor/Data/PlaybackEngines/WebGLSupport/UnityEditor.WebGL.Extensions.dll
Register platform support module: C:/Program Files/Unity/Hub/Editor/2022.3.14f1/Editor/Data/PlaybackEngines/AndroidPlayer/UnityEditor.Android.Extensions.dll
Register platform support module: C:/Program Files/Unity/Hub/Editor/2022.3.14f1/Editor/Data/PlaybackEngines/WindowsStandaloneSupport/UnityEditor.WindowsStandalone.Extensions.dll
Registered in 0.032069 seconds.
- Loaded All Assemblies, in  0.812 seconds
Native extension for WindowsStandalone target not found
Native extension for Android target not found
Android Extension - Scanning For ADB Devices 497 ms
Native extension for WebGL target not found
Mono: successfully reloaded assembly
- Finished resetting the current domain, in  1.281 seconds
Domain Reload Profiling: 2088ms
	BeginReloadAssembly (237ms)
		ExecutionOrderSort (0ms)
		DisableScriptedObjects (0ms)
		BackupInstance (0ms)
		ReleaseScriptingObjects (0ms)
		CreateAndSetChildDomain (2ms)
	RebuildCommonClasses (80ms)
	RebuildNativeTypeToScriptingClass (25ms)
	initialDomainReloadingComplete (149ms)
	LoadAllAssembliesAndSetupDomain (315ms)
		LoadAssemblies (232ms)
		RebuildTransferFunctionScriptingTraits (0ms)
		AnalyzeDomain (309ms)
			TypeCache.Refresh (306ms)
				TypeCache.ScanAssembly (277ms)
			ScanForSourceGeneratedMonoScriptInfo (1ms)
			ResolveRequiredComponents (1ms)
	FinalizeReload (1282ms)
		ReleaseScriptCaches (0ms)
		RebuildScriptCaches (0ms)
		SetupLoadedEditorAssemblies (1143ms)
			LogAssemblyErrors (0ms)
			InitializePlatformSupportModulesInManaged (764ms)
			SetLoadedEditorAssemblies (8ms)
			RefreshPlugins (0ms)
			BeforeProcessingInitializeOnLoad (5ms)
			ProcessInitializeOnLoadAttributes (258ms)
			ProcessInitializeOnLoadMethodAttributes (107ms)
			AfterProcessingInitializeOnLoad (0ms)
			EditorAssembliesLoaded (0ms)
		ExecutionOrderSort2 (0ms)
		AwakeInstancesAfterBackupRestoration (0ms)
========================================================================
Worker process is ready to serve import requests
Begin MonoManager ReloadAssembly
- Loaded All Assemblies, in  1.495 seconds
Refreshing native plugins compatible for Editor in 7.95 ms, found 3 plugins.
Native extension for WindowsStandalone target not found
Native extension for Android target not found
Native extension for WebGL target not found
Package Manager log level set to [2]
[Package Manager] Server::EnsureServerProcessIsRunning -- launch failed, reason: Unity was launched with the -noUpm command-line argument
[Package Manager] UpmClient::Send -- Unable to send message (not connected to UPM process).
[Package Manager] Cannot connect to Unity Package Manager local server
Mono: successfully reloaded assembly
- Finished resetting the current domain, in  1.596 seconds
Domain Reload Profiling: 3082ms
	BeginReloadAssembly (302ms)
		ExecutionOrderSort (0ms)
		DisableScriptedObjects (12ms)
		BackupInstance (0ms)
		ReleaseScriptingObjects (0ms)
		CreateAndSetChildDomain (31ms)
	RebuildCommonClasses (72ms)
	RebuildNativeTypeToScriptingClass (23ms)
	initialDomainReloadingComplete (108ms)
	LoadAllAssembliesAndSetupDomain (981ms)
		LoadAssemblies (714ms)
		RebuildTransferFunctionScriptingTraits (0ms)
		AnalyzeDomain (453ms)
			TypeCache.Refresh (397ms)
				TypeCache.ScanAssembly (363ms)
			ScanForSourceGeneratedMonoScriptInfo (40ms)
			ResolveRequiredComponents (13ms)
	FinalizeReload (1596ms)
		ReleaseScriptCaches (0ms)
		RebuildScriptCaches (0ms)
		SetupLoadedEditorAssemblies (1242ms)
			LogAssemblyErrors (0ms)
			InitializePlatformSupportModulesInManaged (69ms)
			SetLoadedEditorAssemblies (7ms)
			RefreshPlugins (0ms)
			BeforeProcessingInitializeOnLoad (143ms)
			ProcessInitializeOnLoadAttributes (958ms)
			ProcessInitializeOnLoadMethodAttributes (43ms)
			AfterProcessingInitializeOnLoad (22ms)
			EditorAssembliesLoaded (0ms)
		ExecutionOrderSort2 (0ms)
		AwakeInstancesAfterBackupRestoration (14ms)
Launched and connected shader compiler UnityShaderCompiler.exe after 0.07 seconds
Refreshing native plugins compatible for Editor in 1.82 ms, found 3 plugins.
Preloading 0 native plugins for Editor in 0.00 ms.
Unloading 3769 Unused Serialized files (Serialized files now loaded: 0)
Unloading 54 unused Assets / (130.7 KB). Loaded Objects now: 4237.
Memory consumption went from 148.6 MB to 148.4 MB.
Total: 2.104800 ms (FindLiveObjects: 0.152700 ms CreateObjectMapping: 0.069200 ms MarkObjects: 1.733700 ms  DeleteObjects: 0.148400 ms)

AssetImportParameters requested are different than current active one (requested -> active):
  custom:container-demuxer-ogg: 62fdf1f143b41e24485cea50d1cbac27 -> 
  custom:video-decoder-ogg-theora: a1e56fd34408186e4bbccfd4996cb3dc -> 
  custom:framework-win-MediaFoundation: 216162199b28c13a410421893ffa2e32 -> 
  custom:CustomObjectIndexerAttribute: 756ad292c208cfabdd7b50bc23989ffe -> 
  custom:container-demuxer-webm: 4f35f7cbe854078d1ac9338744f61a02 -> 
  custom:scripting/monoscript/fileName/UnitSounds.cs: 6c2607c65d740565fa25439e884ae7db -> 
  custom:container-muxer-webm: aa71ff27fc2769a1b78a27578f13a17b -> 
  custom:video-decoder-webm-vp8: 9c59270c3fd7afecdb556c50c9e8de78 -> 
  custom:SearchIndexIgnoredProperties: e643bd26f0fe6173181afceb89e7c659 -> 
  custom:AudioImporter_EditorPlatform: d09bf68614088b80899f8185d706f6e7 -> 
  custom:video-encoder-webm-vp8: eb34c28f22e8b96e1ab97ce403110664 -> 
  custom:audio-decoder-ogg-vorbis: bf7c407c2cedff20999df2af8eb42d56 -> 
  custom:audio-encoder-webm-vorbis: bf7c407c2cedff20999df2af8eb42d56 -> 
========================================================================
Received Import Request.
  Time since last request: 10989.903828 seconds.
  path: Assets/Resources/Prefabs/Pickup_Truck_1 a.prefab
  artifactKey: Guid(3f3dd852e0d221a45b5730dae9148367) Importer(815301076,1909f56bfc062723c751e8b465ee728b)
Start importing Assets/Resources/Prefabs/Pickup_Truck_1 a.prefab using Guid(3f3dd852e0d221a45b5730dae9148367) Importer(815301076,1909f56bfc062723c751e8b465ee728b)  -> (artifact id: 'd03030c1857bb6e5fff0845206bdb1a8') in 0.159956 seconds
Number of updated asset objects reloaded before import = 0
Number of asset objects unloaded after import = 48
========================================================================
Received Import Request.
  Time since last request: 260.627572 seconds.
  path: Assets/Kabungus/HouseholdItems/Models/SledgeHammer.fbx
  artifactKey: Guid(35e3af8eea5ba85488e6dd96363b8379) Importer(815301076,1909f56bfc062723c751e8b465ee728b)
Start importing Assets/Kabungus/HouseholdItems/Models/SledgeHammer.fbx using Guid(35e3af8eea5ba85488e6dd96363b8379) Importer(815301076,1909f56bfc062723c751e8b465ee728b)  -> (artifact id: 'a06a6eb270c63c57683ab81b1884a4ed') in 0.224903 seconds
Number of updated asset objects reloaded before import = 0
Number of asset objects unloaded after import = 9
========================================================================
Received Import Request.
  Time since last request: 0.000033 seconds.
  path: Assets/Kabungus/HouseholdItems/Models/Bottle3Green.fbx
  artifactKey: Guid(594a2133f6142e94ca7fee09cbda6498) Importer(815301076,1909f56bfc062723c751e8b465ee728b)
Start importing Assets/Kabungus/HouseholdItems/Models/Bottle3Green.fbx using Guid(594a2133f6142e94ca7fee09cbda6498) Importer(815301076,1909f56bfc062723c751e8b465ee728b)  -> (artifact id: '7a243de16c5b3cb302bb09164e716f8f') in 0.029635 seconds
Number of updated asset objects reloaded before import = 0
Number of asset objects unloaded after import = 9
========================================================================
Received Import Request.
  Time since last request: 0.000771 seconds.
  path: Assets/Kabungus/HouseholdItems/Models/FastFoodCupBlue.fbx
  artifactKey: Guid(9e510e0678cfcb8428151515b1c24389) Importer(815301076,1909f56bfc062723c751e8b465ee728b)
Start importing Assets/Kabungus/HouseholdItems/Models/FastFoodCupBlue.fbx using Guid(9e510e0678cfcb8428151515b1c24389) Importer(815301076,1909f56bfc062723c751e8b465ee728b)  -> (artifact id: '4c73b6d26911327e16eae62397640184') in 0.027385 seconds
Number of updated asset objects reloaded before import = 0
Number of asset objects unloaded after import = 9
========================================================================
Received Import Request.
  Time since last request: 0.000028 seconds.
  path: Assets/Kabungus/HouseholdItems/Models/Crowbar.fbx
  artifactKey: Guid(85332a844ebaaa1489b6d6b7a08ee613) Importer(815301076,1909f56bfc062723c751e8b465ee728b)
Start importing Assets/Kabungus/HouseholdItems/Models/Crowbar.fbx using Guid(85332a844ebaaa1489b6d6b7a08ee613) Importer(815301076,1909f56bfc062723c751e8b465ee728b)  -> (artifact id: '0598eb4241cfcf5e9d19f5ba60541cc5') in 0.030933 seconds
Number of updated asset objects reloaded before import = 0
Number of asset objects unloaded after import = 9
========================================================================
Received Import Request.
  Time since last request: 0.000350 seconds.
  path: Assets/Kabungus/HouseholdItems/Models/SmartPhoneRed.fbx
  artifactKey: Guid(28eb9a45e5f433341968dea07ca7f7de) Importer(815301076,1909f56bfc062723c751e8b465ee728b)
Start importing Assets/Kabungus/HouseholdItems/Models/SmartPhoneRed.fbx using Guid(28eb9a45e5f433341968dea07ca7f7de) Importer(815301076,1909f56bfc062723c751e8b465ee728b)  -> (artifact id: '53f8c83a68258bdd80b7d972dc75bb76') in 0.027545 seconds
Number of updated asset objects reloaded before import = 0
Number of asset objects unloaded after import = 9
========================================================================
Received Import Request.
  Time since last request: 0.000025 seconds.
  path: Assets/Kabungus/HouseholdItems/Models/Bandages.fbx
  artifactKey: Guid(16300328d06737d4f8350369f455b527) Importer(815301076,1909f56bfc062723c751e8b465ee728b)
Start importing Assets/Kabungus/HouseholdItems/Models/Bandages.fbx using Guid(16300328d06737d4f8350369f455b527) Importer(815301076,1909f56bfc062723c751e8b465ee728b)  -> (artifact id: '4a3faeddce799195712c980db6c15aa9') in 0.023807 seconds
Number of updated asset objects reloaded before import = 0
Number of asset objects unloaded after import = 9
========================================================================
Received Import Request.
  Time since last request: 0.000023 seconds.
  path: Assets/Kabungus/HouseholdItems/Models/SmartPhoneGreen.fbx
  artifactKey: Guid(0040c4d16007e584c99e3a3a31a452f3) Importer(815301076,1909f56bfc062723c751e8b465ee728b)
Start importing Assets/Kabungus/HouseholdItems/Models/SmartPhoneGreen.fbx using Guid(0040c4d16007e584c99e3a3a31a452f3) Importer(815301076,1909f56bfc062723c751e8b465ee728b)  -> (artifact id: '5d2b604ffeea5b63f399e87fa8d40ef9') in 0.024384 seconds
Number of updated asset objects reloaded before import = 0
Number of asset objects unloaded after import = 9
========================================================================
Received Import Request.
  Time since last request: 0.000023 seconds.
  path: Assets/Kabungus/HouseholdItems/Models/ButcherKnife.fbx
  artifactKey: Guid(aa0687ec75352ff44aec1586d8afa2d6) Importer(815301076,1909f56bfc062723c751e8b465ee728b)
Start importing Assets/Kabungus/HouseholdItems/Models/ButcherKnife.fbx using Guid(aa0687ec75352ff44aec1586d8afa2d6) Importer(815301076,1909f56bfc062723c751e8b465ee728b)  -> (artifact id: 'f57b07e7fda311d9f594219570dcf1bb') in 0.023400 seconds
Number of updated asset objects reloaded before import = 0
Number of asset objects unloaded after import = 9
========================================================================
Received Import Request.
  Time since last request: 0.000026 seconds.
  path: Assets/Kabungus/HouseholdItems/Models/Bottle3.fbx
  artifactKey: Guid(a8b418ed1c169454b82714ac49106189) Importer(815301076,1909f56bfc062723c751e8b465ee728b)
Start importing Assets/Kabungus/HouseholdItems/Models/Bottle3.fbx using Guid(a8b418ed1c169454b82714ac49106189) Importer(815301076,1909f56bfc062723c751e8b465ee728b)  -> (artifact id: '98875382f9ec0919efd38c7aa84e8aa7') in 0.025642 seconds
Number of updated asset objects reloaded before import = 0
Number of asset objects unloaded after import = 9
========================================================================
Received Import Request.
  Time since last request: 0.000023 seconds.
  path: Assets/Kabungus/HouseholdItems/Models/BookOrange.fbx
  artifactKey: Guid(fe504561693c37d43ba5303251aedb14) Importer(815301076,1909f56bfc062723c751e8b465ee728b)
Start importing Assets/Kabungus/HouseholdItems/Models/BookOrange.fbx using Guid(fe504561693c37d43ba5303251aedb14) Importer(815301076,1909f56bfc062723c751e8b465ee728b)  -> (artifact id: '7fb4c610ae36d6403d87e4683bb0b6fd') in 0.025316 seconds
Number of updated asset objects reloaded before import = 0
Number of asset objects unloaded after import = 9
========================================================================
Received Import Request.
  Time since last request: 0.000029 seconds.
  path: Assets/Kabungus/HouseholdItems/Models/Camera.fbx
  artifactKey: Guid(9db9da53e72df3f489a3c2a6dd1f7f0a) Importer(815301076,1909f56bfc062723c751e8b465ee728b)
Start importing Assets/Kabungus/HouseholdItems/Models/Camera.fbx using Guid(9db9da53e72df3f489a3c2a6dd1f7f0a) Importer(815301076,1909f56bfc062723c751e8b465ee728b)  -> (artifact id: '79192705904c78131a44b18dfa2ab3d5') in 0.029254 seconds
Number of updated asset objects reloaded before import = 0
Number of asset objects unloaded after import = 9
========================================================================
Received Import Request.
  Time since last request: 0.000233 seconds.
  path: Assets/Kabungus/HouseholdItems/Models/Bat.fbx
  artifactKey: Guid(a065356909044b0428d4cdd57a9e3384) Importer(815301076,1909f56bfc062723c751e8b465ee728b)
Start importing Assets/Kabungus/HouseholdItems/Models/Bat.fbx using Guid(a065356909044b0428d4cdd57a9e3384) Importer(815301076,1909f56bfc062723c751e8b465ee728b)  -> (artifact id: 'f97600efda3bceb9a5b94528a3fc6195') in 0.023189 seconds
Number of updated asset objects reloaded before import = 0
Number of asset objects unloaded after import = 9
========================================================================
Received Import Request.
  Time since last request: 0.000209 seconds.
  path: Assets/Kabungus/HouseholdItems/Models/CupRed.fbx
  artifactKey: Guid(af5b0c10ece0761459a129c5bb6ca880) Importer(815301076,1909f56bfc062723c751e8b465ee728b)
Start importing Assets/Kabungus/HouseholdItems/Models/CupRed.fbx using Guid(af5b0c10ece0761459a129c5bb6ca880) Importer(815301076,1909f56bfc062723c751e8b465ee728b)  -> (artifact id: '3b730c00a54b36263bcdfd609c7cdf6f') in 0.023574 seconds
Number of updated asset objects reloaded before import = 0
Number of asset objects unloaded after import = 9
========================================================================
Received Import Request.
  Time since last request: 0.000021 seconds.
  path: Assets/Kabungus/HouseholdItems/Models/MedBook.fbx
  artifactKey: Guid(f266f199da84056439c44e0747b893be) Importer(815301076,1909f56bfc062723c751e8b465ee728b)
Start importing Assets/Kabungus/HouseholdItems/Models/MedBook.fbx using Guid(f266f199da84056439c44e0747b893be) Importer(815301076,1909f56bfc062723c751e8b465ee728b)  -> (artifact id: 'f868f36b7cbf2577e1baec7391e66138') in 0.023205 seconds
Number of updated asset objects reloaded before import = 0
Number of asset objects unloaded after import = 9
========================================================================
Received Import Request.
  Time since last request: 0.000266 seconds.
  path: Assets/Kabungus/HouseholdItems/Models/AmmoCrate.fbx
  artifactKey: Guid(d2db2cc555fcf5246bfdb5ded9dd4647) Importer(815301076,1909f56bfc062723c751e8b465ee728b)
Start importing Assets/Kabungus/HouseholdItems/Models/AmmoCrate.fbx using Guid(d2db2cc555fcf5246bfdb5ded9dd4647) Importer(815301076,1909f56bfc062723c751e8b465ee728b)  -> (artifact id: '539c41c124520166e11a08266180fcdd') in 0.025131 seconds
Number of updated asset objects reloaded before import = 0
Number of asset objects unloaded after import = 9
========================================================================
Received Import Request.
  Time since last request: 0.000200 seconds.
  path: Assets/Kabungus/HouseholdItems/Models/Hatchet.fbx
  artifactKey: Guid(c3489ed0cb4476b429f04de9f89b0a6c) Importer(815301076,1909f56bfc062723c751e8b465ee728b)
Start importing Assets/Kabungus/HouseholdItems/Models/Hatchet.fbx using Guid(c3489ed0cb4476b429f04de9f89b0a6c) Importer(815301076,1909f56bfc062723c751e8b465ee728b)  -> (artifact id: '612c3c94a1695bfe09ce6545f5d3e1d1') in 0.025140 seconds
Number of updated asset objects reloaded before import = 0
Number of asset objects unloaded after import = 9
========================================================================
Received Import Request.
  Time since last request: 0.000025 seconds.
  path: Assets/Kabungus/HouseholdItems/Models/Table.fbx
  artifactKey: Guid(8ef9da9f9972498419596d02c2f570ae) Importer(815301076,1909f56bfc062723c751e8b465ee728b)
Start importing Assets/Kabungus/HouseholdItems/Models/Table.fbx using Guid(8ef9da9f9972498419596d02c2f570ae) Importer(815301076,1909f56bfc062723c751e8b465ee728b)  -> (artifact id: 'ca48945beed2f5cd53df40e357f1e228') in 0.024728 seconds
Number of updated asset objects reloaded before import = 0
Number of asset objects unloaded after import = 9
========================================================================
Received Import Request.
  Time since last request: 0.000024 seconds.
  path: Assets/Kabungus/HouseholdItems/Models/Briefcase.fbx
  artifactKey: Guid(224bf7a6e33f8a24cb82701faf3b737b) Importer(815301076,1909f56bfc062723c751e8b465ee728b)
Start importing Assets/Kabungus/HouseholdItems/Models/Briefcase.fbx using Guid(224bf7a6e33f8a24cb82701faf3b737b) Importer(815301076,1909f56bfc062723c751e8b465ee728b)  -> (artifact id: '110d63ade9b3b8851b68a1c32cc58930') in 0.027680 seconds
Number of updated asset objects reloaded before import = 0
Number of asset objects unloaded after import = 9
========================================================================
Received Import Request.
  Time since last request: 0.000196 seconds.
  path: Assets/Kabungus/HouseholdItems/Models/Fork.fbx
  artifactKey: Guid(a1c0e373d3f284a42967f0da362ec240) Importer(815301076,1909f56bfc062723c751e8b465ee728b)
Start importing Assets/Kabungus/HouseholdItems/Models/Fork.fbx using Guid(a1c0e373d3f284a42967f0da362ec240) Importer(815301076,1909f56bfc062723c751e8b465ee728b)  -> (artifact id: '44f2c397908c7f2be572003414dd8fd0') in 0.022229 seconds
Number of updated asset objects reloaded before import = 0
Number of asset objects unloaded after import = 9
========================================================================
Received Import Request.
  Time since last request: 0.000037 seconds.
  path: Assets/Kabungus/HouseholdItems/Models/BookRed.fbx
  artifactKey: Guid(c3390df49e87e5c46981156f184b4aec) Importer(815301076,1909f56bfc062723c751e8b465ee728b)
Start importing Assets/Kabungus/HouseholdItems/Models/BookRed.fbx using Guid(c3390df49e87e5c46981156f184b4aec) Importer(815301076,1909f56bfc062723c751e8b465ee728b)  -> (artifact id: 'a0d88c560acf65df1ee721a9cfd5a761') in 0.029582 seconds
Number of updated asset objects reloaded before import = 0
Number of asset objects unloaded after import = 9
========================================================================
Received Import Request.
  Time since last request: 0.001358 seconds.
  path: Assets/Kabungus/HouseholdItems/Models/BriefcaseGrey.fbx
  artifactKey: Guid(12fd7b745f6bfd1409631096ed97192c) Importer(815301076,1909f56bfc062723c751e8b465ee728b)
Start importing Assets/Kabungus/HouseholdItems/Models/BriefcaseGrey.fbx using Guid(12fd7b745f6bfd1409631096ed97192c) Importer(815301076,1909f56bfc062723c751e8b465ee728b)  -> (artifact id: '0eda9798cedf0a8f8f538608f2784e7f') in 0.026024 seconds
Number of updated asset objects reloaded before import = 0
Number of asset objects unloaded after import = 9
========================================================================
Received Import Request.
  Time since last request: 0.000024 seconds.
  path: Assets/Kabungus/HouseholdItems/Models/AmmoCase.fbx
  artifactKey: Guid(aa7ad6bc2b52e954781a6686fbd02254) Importer(815301076,1909f56bfc062723c751e8b465ee728b)
Start importing Assets/Kabungus/HouseholdItems/Models/AmmoCase.fbx using Guid(aa7ad6bc2b52e954781a6686fbd02254) Importer(815301076,1909f56bfc062723c751e8b465ee728b)  -> (artifact id: '7d16ae634b9ac489a6e11273c6b41f34') in 0.024908 seconds
Number of updated asset objects reloaded before import = 0
Number of asset objects unloaded after import = 9
========================================================================
Received Import Request.
  Time since last request: 0.000025 seconds.
  path: Assets/Kabungus/HouseholdItems/Models/FastCoffeeCupRed.fbx
  artifactKey: Guid(b18a3a85eee41da4c8ee7b64e142639c) Importer(815301076,1909f56bfc062723c751e8b465ee728b)
Start importing Assets/Kabungus/HouseholdItems/Models/FastCoffeeCupRed.fbx using Guid(b18a3a85eee41da4c8ee7b64e142639c) Importer(815301076,1909f56bfc062723c751e8b465ee728b)  -> (artifact id: '78465c93d84517c8b9f46983d4bda5fc') in 0.023006 seconds
Number of updated asset objects reloaded before import = 0
Number of asset objects unloaded after import = 9
========================================================================
Received Import Request.
  Time since last request: 0.000024 seconds.
  path: Assets/Kabungus/HouseholdItems/Models/Bottle2.fbx
  artifactKey: Guid(ab04bd6e8b2e4f344bb52707b192cce4) Importer(815301076,1909f56bfc062723c751e8b465ee728b)
Start importing Assets/Kabungus/HouseholdItems/Models/Bottle2.fbx using Guid(ab04bd6e8b2e4f344bb52707b192cce4) Importer(815301076,1909f56bfc062723c751e8b465ee728b)  -> (artifact id: '8a9edbff273229c54930da12c3d2b0c9') in 0.024768 seconds
Number of updated asset objects reloaded before import = 0
Number of asset objects unloaded after import = 9
========================================================================
Received Import Request.
  Time since last request: 0.000027 seconds.
  path: Assets/Kabungus/HouseholdItems/Models/Bookshelf.fbx
  artifactKey: Guid(d9f9733317a49d049b6bb35ad87e96fc) Importer(815301076,1909f56bfc062723c751e8b465ee728b)
Start importing Assets/Kabungus/HouseholdItems/Models/Bookshelf.fbx using Guid(d9f9733317a49d049b6bb35ad87e96fc) Importer(815301076,1909f56bfc062723c751e8b465ee728b)  -> (artifact id: 'cb26b66671f39fb53c211380161f6d8f') in 0.025753 seconds
Number of updated asset objects reloaded before import = 0
Number of asset objects unloaded after import = 9
========================================================================
Received Import Request.
  Time since last request: 0.000024 seconds.
  path: Assets/Kabungus/HouseholdItems/Models/TapeMeasurer.fbx
  artifactKey: Guid(8a4aa8011446a5d409ec1e4d3549b583) Importer(815301076,1909f56bfc062723c751e8b465ee728b)
Start importing Assets/Kabungus/HouseholdItems/Models/TapeMeasurer.fbx using Guid(8a4aa8011446a5d409ec1e4d3549b583) Importer(815301076,1909f56bfc062723c751e8b465ee728b)  -> (artifact id: '8b47a937879bee0ae9f4c41d1850fac1') in 0.024659 seconds
Number of updated asset objects reloaded before import = 0
Number of asset objects unloaded after import = 9
========================================================================
Received Import Request.
  Time since last request: 0.000023 seconds.
  path: Assets/Kabungus/HouseholdItems/Models/HealthKit.fbx
  artifactKey: Guid(398846502ebef9d4db139fba4c4f8e1c) Importer(815301076,1909f56bfc062723c751e8b465ee728b)
Start importing Assets/Kabungus/HouseholdItems/Models/HealthKit.fbx using Guid(398846502ebef9d4db139fba4c4f8e1c) Importer(815301076,1909f56bfc062723c751e8b465ee728b)  -> (artifact id: '11f5f82c3c77e7109beab97f13cad0b2') in 0.024650 seconds
Number of updated asset objects reloaded before import = 0
Number of asset objects unloaded after import = 9
========================================================================
Received Import Request.
  Time since last request: 0.000027 seconds.
  path: Assets/Kabungus/HouseholdItems/Models/Bowl_001.fbx
  artifactKey: Guid(715e1235133b098439c3c597a082c597) Importer(815301076,1909f56bfc062723c751e8b465ee728b)
Start importing Assets/Kabungus/HouseholdItems/Models/Bowl_001.fbx using Guid(715e1235133b098439c3c597a082c597) Importer(815301076,1909f56bfc062723c751e8b465ee728b)  -> (artifact id: '36811df0dfc75897a500db3496bfbdf6') in 0.029497 seconds
Number of updated asset objects reloaded before import = 0
Number of asset objects unloaded after import = 9
========================================================================
Received Import Request.
  Time since last request: 0.000029 seconds.
  path: Assets/Kabungus/HouseholdItems/Models/Cup.fbx
  artifactKey: Guid(cea22ea1125c1564f845ff91bdec70d7) Importer(815301076,1909f56bfc062723c751e8b465ee728b)
Start importing Assets/Kabungus/HouseholdItems/Models/Cup.fbx using Guid(cea22ea1125c1564f845ff91bdec70d7) Importer(815301076,1909f56bfc062723c751e8b465ee728b)  -> (artifact id: '72651caab8d626db89a84440ae2d1571') in 0.026591 seconds
Number of updated asset objects reloaded before import = 0
Number of asset objects unloaded after import = 9
========================================================================
Received Import Request.
  Time since last request: 0.000038 seconds.
  path: Assets/Kabungus/HouseholdItems/Models/Bottle1Black.fbx
  artifactKey: Guid(3a63b0b1934b09b4b9aaebb19e228d33) Importer(815301076,1909f56bfc062723c751e8b465ee728b)
Start importing Assets/Kabungus/HouseholdItems/Models/Bottle1Black.fbx using Guid(3a63b0b1934b09b4b9aaebb19e228d33) Importer(815301076,1909f56bfc062723c751e8b465ee728b)  -> (artifact id: 'b110daee87844da3663f53015ce5c3d2') in 0.023500 seconds
Number of updated asset objects reloaded before import = 0
Number of asset objects unloaded after import = 9
========================================================================
Received Import Request.
  Time since last request: 0.349033 seconds.
  path: Assets/Kabungus/HouseholdItems/Models/MilkCartonBlue.fbx
  artifactKey: Guid(199d563ea104d0448a487270a4cf4e63) Importer(815301076,1909f56bfc062723c751e8b465ee728b)
Start importing Assets/Kabungus/HouseholdItems/Models/MilkCartonBlue.fbx using Guid(199d563ea104d0448a487270a4cf4e63) Importer(815301076,1909f56bfc062723c751e8b465ee728b)  -> (artifact id: '52bf3065e7033adf65961b2ac7fc2d7b') in 0.028617 seconds
Number of updated asset objects reloaded before import = 0
Number of asset objects unloaded after import = 9
========================================================================
Received Import Request.
  Time since last request: 0.000024 seconds.
  path: Assets/Kabungus/HouseholdItems/Models/TVStand.fbx
  artifactKey: Guid(03d128306848ffc48a08081f54f6a85e) Importer(815301076,1909f56bfc062723c751e8b465ee728b)
Start importing Assets/Kabungus/HouseholdItems/Models/TVStand.fbx using Guid(03d128306848ffc48a08081f54f6a85e) Importer(815301076,1909f56bfc062723c751e8b465ee728b)  -> (artifact id: 'badfe9c785730e397c9a456f0ceb4916') in 0.025877 seconds
Number of updated asset objects reloaded before import = 0
Number of asset objects unloaded after import = 9
========================================================================
Received Import Request.
  Time since last request: 0.000185 seconds.
  path: Assets/Kabungus/HouseholdItems/Models/Wrench.fbx
  artifactKey: Guid(14f2837993714674bb122799de8153ec) Importer(815301076,1909f56bfc062723c751e8b465ee728b)
Start importing Assets/Kabungus/HouseholdItems/Models/Wrench.fbx using Guid(14f2837993714674bb122799de8153ec) Importer(815301076,1909f56bfc062723c751e8b465ee728b)  -> (artifact id: '62a9a660b487af45289e80d53df34032') in 0.023772 seconds
Number of updated asset objects reloaded before import = 0
Number of asset objects unloaded after import = 9
========================================================================
Received Import Request.
  Time since last request: 0.000026 seconds.
  path: Assets/Kabungus/HouseholdItems/Models/ToothbrushGreen.fbx
  artifactKey: Guid(a9fa3dd73b805314f92355a335239f38) Importer(815301076,1909f56bfc062723c751e8b465ee728b)
Start importing Assets/Kabungus/HouseholdItems/Models/ToothbrushGreen.fbx using Guid(a9fa3dd73b805314f92355a335239f38) Importer(815301076,1909f56bfc062723c751e8b465ee728b)  -> (artifact id: 'a6831f222a4fc8e497522c9f08109430') in 0.024659 seconds
Number of updated asset objects reloaded before import = 0
Number of asset objects unloaded after import = 9
========================================================================
Received Import Request.
  Time since last request: 0.000023 seconds.
  path: Assets/Kabungus/HouseholdItems/Models/Shovel.fbx
  artifactKey: Guid(471f79d8a96bfde4f9e1a293e7f7361d) Importer(815301076,1909f56bfc062723c751e8b465ee728b)
Start importing Assets/Kabungus/HouseholdItems/Models/Shovel.fbx using Guid(471f79d8a96bfde4f9e1a293e7f7361d) Importer(815301076,1909f56bfc062723c751e8b465ee728b)  -> (artifact id: 'ec8bb172386b2aa90cf4b3055a621132') in 0.022557 seconds
Number of updated asset objects reloaded before import = 0
Number of asset objects unloaded after import = 9
========================================================================
Received Import Request.
  Time since last request: 0.000045 seconds.
  path: Assets/Kabungus/HouseholdItems/Models/SmartPhoneBlue.fbx
  artifactKey: Guid(8e2067e9391ba0340be613d24391da10) Importer(815301076,1909f56bfc062723c751e8b465ee728b)
Start importing Assets/Kabungus/HouseholdItems/Models/SmartPhoneBlue.fbx using Guid(8e2067e9391ba0340be613d24391da10) Importer(815301076,1909f56bfc062723c751e8b465ee728b)  -> (artifact id: 'a47b39f1e2d556ac4f1228dba41e6e81') in 0.024670 seconds
Number of updated asset objects reloaded before import = 0
Number of asset objects unloaded after import = 9
========================================================================
Received Import Request.
  Time since last request: 0.000024 seconds.
  path: Assets/Kabungus/HouseholdItems/Models/ToolboxRed.fbx
  artifactKey: Guid(06ad15d7819965f47936bc40e4e8be40) Importer(815301076,1909f56bfc062723c751e8b465ee728b)
Start importing Assets/Kabungus/HouseholdItems/Models/ToolboxRed.fbx using Guid(06ad15d7819965f47936bc40e4e8be40) Importer(815301076,1909f56bfc062723c751e8b465ee728b)  -> (artifact id: 'e7566c6c7759cbb29cfe3a855592529e') in 0.038576 seconds
Number of updated asset objects reloaded before import = 0
Number of asset objects unloaded after import = 16
========================================================================
Received Import Request.
  Time since last request: 0.601506 seconds.
  path: Assets/Kabungus/HouseholdItems/Models/Saw.fbx
  artifactKey: Guid(2e5307c2c58b4c14faf1ef1cafc4d5d3) Importer(815301076,1909f56bfc062723c751e8b465ee728b)
Start importing Assets/Kabungus/HouseholdItems/Models/Saw.fbx using Guid(2e5307c2c58b4c14faf1ef1cafc4d5d3) Importer(815301076,1909f56bfc062723c751e8b465ee728b)  -> (artifact id: 'cfcce3b7fe06ad6695ec66be9ec7f206') in 0.030360 seconds
Number of updated asset objects reloaded before import = 0
Number of asset objects unloaded after import = 9
========================================================================
Received Import Request.
  Time since last request: 0.000024 seconds.
  path: Assets/Kabungus/HouseholdItems/Models/Plate_001.fbx
  artifactKey: Guid(136a21140d24ad1498cc9e9a9aef5330) Importer(815301076,1909f56bfc062723c751e8b465ee728b)
Start importing Assets/Kabungus/HouseholdItems/Models/Plate_001.fbx using Guid(136a21140d24ad1498cc9e9a9aef5330) Importer(815301076,1909f56bfc062723c751e8b465ee728b)  -> (artifact id: 'a33a9412a3bb40ffad89a71bf18dea30') in 0.027096 seconds
Number of updated asset objects reloaded before import = 0
Number of asset objects unloaded after import = 9
========================================================================
Received Import Request.
  Time since last request: 0.000026 seconds.
  path: Assets/Kabungus/HouseholdItems/Models/Plate.fbx
  artifactKey: Guid(c63d3cf29a511214f9335bbcfd0979c7) Importer(815301076,1909f56bfc062723c751e8b465ee728b)
Start importing Assets/Kabungus/HouseholdItems/Models/Plate.fbx using Guid(c63d3cf29a511214f9335bbcfd0979c7) Importer(815301076,1909f56bfc062723c751e8b465ee728b)  -> (artifact id: '7aaffbcd114e84be60f4ba939ff79ba7') in 0.025000 seconds
Number of updated asset objects reloaded before import = 0
Number of asset objects unloaded after import = 9
========================================================================
Received Import Request.
  Time since last request: 0.000025 seconds.
  path: Assets/Kabungus/HouseholdItems/Models/Mug_001.fbx
  artifactKey: Guid(473f1a99c0b186949b372e342d40a357) Importer(815301076,1909f56bfc062723c751e8b465ee728b)
Start importing Assets/Kabungus/HouseholdItems/Models/Mug_001.fbx using Guid(473f1a99c0b186949b372e342d40a357) Importer(815301076,1909f56bfc062723c751e8b465ee728b)  -> (artifact id: '72efb875a208cf021e9704189db223ab') in 0.024649 seconds
Number of updated asset objects reloaded before import = 0
Number of asset objects unloaded after import = 9
========================================================================
Received Import Request.
  Time since last request: 0.000029 seconds.
  path: Assets/Kabungus/HouseholdItems/Models/Mug.fbx
  artifactKey: Guid(38c928c4da6a2564fa142dd6ce356b1b) Importer(815301076,1909f56bfc062723c751e8b465ee728b)
Start importing Assets/Kabungus/HouseholdItems/Models/Mug.fbx using Guid(38c928c4da6a2564fa142dd6ce356b1b) Importer(815301076,1909f56bfc062723c751e8b465ee728b)  -> (artifact id: 'af126debeb39f325c1e5d927f0976994') in 0.024617 seconds
Number of updated asset objects reloaded before import = 0
Number of asset objects unloaded after import = 9
========================================================================
Received Import Request.
  Time since last request: 0.000335 seconds.
  path: Assets/Kabungus/HouseholdItems/Models/PillBottle.fbx
  artifactKey: Guid(21407b519341c0d4183e3dc546deadae) Importer(815301076,1909f56bfc062723c751e8b465ee728b)
Start importing Assets/Kabungus/HouseholdItems/Models/PillBottle.fbx using Guid(21407b519341c0d4183e3dc546deadae) Importer(815301076,1909f56bfc062723c751e8b465ee728b)  -> (artifact id: '1e7a009d295c530be41690f8e710c119') in 0.026492 seconds
Number of updated asset objects reloaded before import = 0
Number of asset objects unloaded after import = 9
========================================================================
Received Import Request.
  Time since last request: 0.000027 seconds.
  path: Assets/Kabungus/HouseholdItems/Models/Pan2.fbx
  artifactKey: Guid(6dcca7473d12a784ebb3e8eff754d489) Importer(815301076,1909f56bfc062723c751e8b465ee728b)
Start importing Assets/Kabungus/HouseholdItems/Models/Pan2.fbx using Guid(6dcca7473d12a784ebb3e8eff754d489) Importer(815301076,1909f56bfc062723c751e8b465ee728b)  -> (artifact id: '179c44b07b29591461e1d663345f9bcd') in 0.023973 seconds
Number of updated asset objects reloaded before import = 0
Number of asset objects unloaded after import = 9
========================================================================
Received Import Request.
  Time since last request: 0.016289 seconds.
  path: Assets/TextMesh Pro/Fonts/LiberationSans.ttf
  artifactKey: Guid(e3265ab4bf004d28a9537516768c1c75) Importer(815301076,1909f56bfc062723c751e8b465ee728b)
Start importing Assets/TextMesh Pro/Fonts/LiberationSans.ttf using Guid(e3265ab4bf004d28a9537516768c1c75) Importer(815301076,1909f56bfc062723c751e8b465ee728b)  -> (artifact id: '8756f7c291147a75e95d0f4a0d9e7e56') in 0.034260 seconds
Number of updated asset objects reloaded before import = 0
Number of asset objects unloaded after import = 4
========================================================================
Received Import Request.
  Time since last request: 0.000027 seconds.
  path: Assets/Premisul/Low Poly Vehicals/Mini Pickup Truck 1/Materials/Pickup_Truck_1_Mat_04.mat
  artifactKey: Guid(39a9e2e5145b2be4d88e594c39d66186) Importer(815301076,1909f56bfc062723c751e8b465ee728b)
Start importing Assets/Premisul/Low Poly Vehicals/Mini Pickup Truck 1/Materials/Pickup_Truck_1_Mat_04.mat using Guid(39a9e2e5145b2be4d88e594c39d66186) Importer(815301076,1909f56bfc062723c751e8b465ee728b)  -> (artifact id: '191d56efa88690c5a0adfce7aa694da9') in 0.011561 seconds
Number of updated asset objects reloaded before import = 0
Number of asset objects unloaded after import = 2
========================================================================
Received Import Request.
  Time since last request: 0.000024 seconds.
  path: Assets/Premisul/Low Poly Vehicals/Mini Pickup Truck 1/Materials/Pickup_Truck_1_Mat_05.mat
  artifactKey: Guid(d12bae35189a2e54fa921506d4f3e8c1) Importer(815301076,1909f56bfc062723c751e8b465ee728b)
Start importing Assets/Premisul/Low Poly Vehicals/Mini Pickup Truck 1/Materials/Pickup_Truck_1_Mat_05.mat using Guid(d12bae35189a2e54fa921506d4f3e8c1) Importer(815301076,1909f56bfc062723c751e8b465ee728b)  -> (artifact id: 'a1985128afa56095c8996e3c8dd04b3f') in 0.011984 seconds
Number of updated asset objects reloaded before import = 0
Number of asset objects unloaded after import = 2
========================================================================
Received Import Request.
  Time since last request: 0.000024 seconds.
  path: Assets/TextMesh Pro/Resources/Fonts & Materials/LiberationSans SDF - Drop Shadow.mat
  artifactKey: Guid(e73a58f6e2794ae7b1b7e50b7fb811b0) Importer(815301076,1909f56bfc062723c751e8b465ee728b)
Start importing Assets/TextMesh Pro/Resources/Fonts & Materials/LiberationSans SDF - Drop Shadow.mat using Guid(e73a58f6e2794ae7b1b7e50b7fb811b0) Importer(815301076,1909f56bfc062723c751e8b465ee728b)  -> (artifact id: '96d09c8279c1f16d462f487673e701e1') in 0.080999 seconds
Number of updated asset objects reloaded before import = 0
Number of asset objects unloaded after import = 2
========================================================================
Received Import Request.
  Time since last request: 51.989851 seconds.
  path: Assets/Plugins/Demigiant/DOTween/Editor/Imgs/DOTweenMiniIcon.png
  artifactKey: Guid(61521df2e071645488ba3d05e49289ae) Importer(815301076,1909f56bfc062723c751e8b465ee728b)
Start importing Assets/Plugins/Demigiant/DOTween/Editor/Imgs/DOTweenMiniIcon.png using Guid(61521df2e071645488ba3d05e49289ae) Importer(815301076,1909f56bfc062723c751e8b465ee728b)  -> (artifact id: '803370c41221339e0cc28e914e91f966') in 0.055695 seconds
Number of updated asset objects reloaded before import = 0
Number of asset objects unloaded after import = 2
========================================================================
Received Import Request.
  Time since last request: 0.000302 seconds.
  path: Assets/Premisul/Low Poly Vehicals/Mini Pickup Truck 1/Materials/Textures/Mini_Pickup_Truck_Texture_01.png
  artifactKey: Guid(cc96bf23cd9238c4e87de9c3ca4bfa09) Importer(815301076,1909f56bfc062723c751e8b465ee728b)
Start importing Assets/Premisul/Low Poly Vehicals/Mini Pickup Truck 1/Materials/Textures/Mini_Pickup_Truck_Texture_01.png using Guid(cc96bf23cd9238c4e87de9c3ca4bfa09) Importer(815301076,1909f56bfc062723c751e8b465ee728b)  -> (artifact id: '701b0581a60fc488ee3671715dfe6e07') in 0.061662 seconds
Number of updated asset objects reloaded before import = 0
Number of asset objects unloaded after import = 2
========================================================================
Received Import Request.
  Time since last request: 0.000531 seconds.
  path: Assets/Premisul/Low Poly Vehicals/Mini Pickup Truck 1/Materials/Textures/Mini_Pickup_Truck_Texture_02.png
  artifactKey: Guid(1282b1f1d62ea474aaad80c088eb5133) Importer(815301076,1909f56bfc062723c751e8b465ee728b)
Start importing Assets/Premisul/Low Poly Vehicals/Mini Pickup Truck 1/Materials/Textures/Mini_Pickup_Truck_Texture_02.png using Guid(1282b1f1d62ea474aaad80c088eb5133) Importer(815301076,1909f56bfc062723c751e8b465ee728b)  -> (artifact id: '2d74ff545e5154e28d3b6f575358568d') in 0.044930 seconds
Number of updated asset objects reloaded before import = 0
Number of asset objects unloaded after import = 2
========================================================================
Received Import Request.
  Time since last request: 0.000754 seconds.
  path: Assets/Plugins/Demigiant/DOTween/Editor/Imgs/Footer_dark.png
  artifactKey: Guid(519694efe2bb2914788b151fbd8c01f4) Importer(815301076,1909f56bfc062723c751e8b465ee728b)
Start importing Assets/Plugins/Demigiant/DOTween/Editor/Imgs/Footer_dark.png using Guid(519694efe2bb2914788b151fbd8c01f4) Importer(815301076,1909f56bfc062723c751e8b465ee728b)  -> (artifact id: '3be4a81d315855a6cac21e4abaeaa40f') in 0.038779 seconds
Number of updated asset objects reloaded before import = 0
Number of asset objects unloaded after import = 2
========================================================================
Received Import Request.
  Time since last request: 0.004274 seconds.
  path: Assets/Premisul/Low Poly Vehicals/Mini Pickup Truck 1/Materials/Textures/Mini_Pickup_Truck_Texture_04.png
  artifactKey: Guid(7a91cf77e7c0a1949a0661887478204d) Importer(815301076,1909f56bfc062723c751e8b465ee728b)
Start importing Assets/Premisul/Low Poly Vehicals/Mini Pickup Truck 1/Materials/Textures/Mini_Pickup_Truck_Texture_04.png using Guid(7a91cf77e7c0a1949a0661887478204d) Importer(815301076,1909f56bfc062723c751e8b465ee728b)  -> (artifact id: 'e4e538b793de31652598e2d800123838') in 0.088934 seconds
Number of updated asset objects reloaded before import = 0
Number of asset objects unloaded after import = 2
Editor requested this worker to shutdown with reason: Scaling down because of idle timeout
TcpMessagingSession - receive error: operation aborted. errorcode: 995, details: ќпераци€ ввода/вывода была прервана из-за завершени€ потока команд или по запросу приложени€.
AssetImportWorker is now disconnected from the server
Process exiting
Exiting without the bug reporter. Application will terminate with return code 0