Using pre-set license
Built from '2022.3/staging' branch; Version is '2022.3.14f1 (eff2de9070d8) revision 15725278'; Using compiler version '192829333'; Build Type 'Release'
OS: 'Windows 10  (10.0.19045) 64bit Core' Language: 'ru' Physical Memory: 32621 MB
BatchMode: 1, IsHumanControllingUs: 0, StartBugReporterOnCrash: 0, Is64bit: 1, IsPro: 1

COMMAND LINE ARGUMENTS:
C:\Program Files\Unity\Hub\Editor\2022.3.14f1\Editor\Unity.exe
-adb2
-batchMode
-noUpm
-name
AssetImportWorker7
-projectPath
D:/Work/GitPrograms/GarageTest/Garage
-logFile
Logs/AssetImportWorker7.log
-srvPort
52679
Successfully changed project path to: D:/Work/GitPrograms/GarageTest/Garage
D:/Work/GitPrograms/GarageTest/Garage
[UnityMemory] Configuration Parameters - Can be set up in boot.config
    "memorysetup-bucket-allocator-granularity=16"
    "memorysetup-bucket-allocator-bucket-count=8"
    "memorysetup-bucket-allocator-block-size=33554432"
    "memorysetup-bucket-allocator-block-count=8"
    "memorysetup-main-allocator-block-size=16777216"
    "memorysetup-thread-allocator-block-size=16777216"
    "memorysetup-gfx-main-allocator-block-size=16777216"
    "memorysetup-gfx-thread-allocator-block-size=16777216"
    "memorysetup-cache-allocator-block-size=4194304"
    "memorysetup-typetree-allocator-block-size=2097152"
    "memorysetup-profiler-bucket-allocator-granularity=16"
    "memorysetup-profiler-bucket-allocator-bucket-count=8"
    "memorysetup-profiler-bucket-allocator-block-size=33554432"
    "memorysetup-profiler-bucket-allocator-block-count=8"
    "memorysetup-profiler-allocator-block-size=16777216"
    "memorysetup-profiler-editor-allocator-block-size=1048576"
    "memorysetup-temp-allocator-size-main=16777216"
    "memorysetup-job-temp-allocator-block-size=2097152"
    "memorysetup-job-temp-allocator-block-size-background=1048576"
    "memorysetup-job-temp-allocator-reduction-small-platforms=262144"
    "memorysetup-allocator-temp-initial-block-size-main=262144"
    "memorysetup-allocator-temp-initial-block-size-worker=262144"
    "memorysetup-temp-allocator-size-background-worker=32768"
    "memorysetup-temp-allocator-size-job-worker=262144"
    "memorysetup-temp-allocator-size-preload-manager=33554432"
    "memorysetup-temp-allocator-size-nav-mesh-worker=65536"
    "memorysetup-temp-allocator-size-audio-worker=65536"
    "memorysetup-temp-allocator-size-cloud-worker=32768"
    "memorysetup-temp-allocator-size-gi-baking-worker=262144"
    "memorysetup-temp-allocator-size-gfx=262144"
Player connection [18436] Host "[IP] 192.168.0.112 [Port] 0 [Flags] 2 [Guid] 31107534 [EditorId] 31107534 [Version] 1048832 [Id] WindowsEditor(7,DESKTOP-8F0045J) [Debug] 1 [PackageName] WindowsEditor [ProjectName] Editor" joined multi-casting on [225.0.0.222:54997]...

Player connection [18436] Host "[IP] 192.168.0.112 [Port] 0 [Flags] 2 [Guid] 31107534 [EditorId] 31107534 [Version] 1048832 [Id] WindowsEditor(7,DESKTOP-8F0045J) [Debug] 1 [PackageName] WindowsEditor [ProjectName] Editor" joined alternative multi-casting on [225.0.0.222:34997]...

[Physics::Module] Initialized MultithreadedJobDispatcher with 15 workers.
Refreshing native plugins compatible for Editor in 27.68 ms, found 3 plugins.
Preloading 0 native plugins for Editor in 0.00 ms.
Initialize engine version: 2022.3.14f1 (eff2de9070d8)
[Subsystems] Discovering subsystems at path C:/Program Files/Unity/Hub/Editor/2022.3.14f1/Editor/Data/Resources/UnitySubsystems
[Subsystems] Discovering subsystems at path D:/Work/GitPrograms/GarageTest/Garage/Assets
GfxDevice: creating device client; threaded=0; jobified=0
Direct3D:
    Version:  Direct3D 11.0 [level 11.1]
    Renderer: NVIDIA GeForce GTX 1050 (ID=0x1c81)
    Vendor:   NVIDIA
    VRAM:     1962 MB
    Driver:   32.0.15.6094
Initialize mono
Mono path[0] = 'C:/Program Files/Unity/Hub/Editor/2022.3.14f1/Editor/Data/Managed'
Mono path[1] = 'C:/Program Files/Unity/Hub/Editor/2022.3.14f1/Editor/Data/MonoBleedingEdge/lib/mono/unityjit-win32'
Mono config path = 'C:/Program Files/Unity/Hub/Editor/2022.3.14f1/Editor/Data/MonoBleedingEdge/etc'
Using monoOptions --debugger-agent=transport=dt_socket,embedding=1,server=y,suspend=n,address=127.0.0.1:56720
Begin MonoManager ReloadAssembly
Registering precompiled unity dll's ...
Register platform support module: C:/Program Files/Unity/Hub/Editor/2022.3.14f1/Editor/Data/PlaybackEngines/WebGLSupport/UnityEditor.WebGL.Extensions.dll
Register platform support module: C:/Program Files/Unity/Hub/Editor/2022.3.14f1/Editor/Data/PlaybackEngines/AndroidPlayer/UnityEditor.Android.Extensions.dll
Register platform support module: C:/Program Files/Unity/Hub/Editor/2022.3.14f1/Editor/Data/PlaybackEngines/WindowsStandaloneSupport/UnityEditor.WindowsStandalone.Extensions.dll
Registered in 0.047568 seconds.
- Loaded All Assemblies, in  0.892 seconds
Native extension for WindowsStandalone target not found
Native extension for Android target not found
Android Extension - Scanning For ADB Devices 480 ms
Native extension for WebGL target not found
Mono: successfully reloaded assembly
- Finished resetting the current domain, in  1.183 seconds
Domain Reload Profiling: 2068ms
	BeginReloadAssembly (243ms)
		ExecutionOrderSort (0ms)
		DisableScriptedObjects (0ms)
		BackupInstance (0ms)
		ReleaseScriptingObjects (0ms)
		CreateAndSetChildDomain (1ms)
	RebuildCommonClasses (88ms)
	RebuildNativeTypeToScriptingClass (33ms)
	initialDomainReloadingComplete (201ms)
	LoadAllAssembliesAndSetupDomain (319ms)
		LoadAssemblies (239ms)
		RebuildTransferFunctionScriptingTraits (0ms)
		AnalyzeDomain (313ms)
			TypeCache.Refresh (310ms)
				TypeCache.ScanAssembly (284ms)
			ScanForSourceGeneratedMonoScriptInfo (1ms)
			ResolveRequiredComponents (1ms)
	FinalizeReload (1184ms)
		ReleaseScriptCaches (0ms)
		RebuildScriptCaches (0ms)
		SetupLoadedEditorAssemblies (1059ms)
			LogAssemblyErrors (0ms)
			InitializePlatformSupportModulesInManaged (728ms)
			SetLoadedEditorAssemblies (8ms)
			RefreshPlugins (0ms)
			BeforeProcessingInitializeOnLoad (5ms)
			ProcessInitializeOnLoadAttributes (218ms)
			ProcessInitializeOnLoadMethodAttributes (101ms)
			AfterProcessingInitializeOnLoad (0ms)
			EditorAssembliesLoaded (0ms)
		ExecutionOrderSort2 (0ms)
		AwakeInstancesAfterBackupRestoration (0ms)
========================================================================
Worker process is ready to serve import requests
Begin MonoManager ReloadAssembly
- Loaded All Assemblies, in  1.413 seconds
Refreshing native plugins compatible for Editor in 7.00 ms, found 3 plugins.
Native extension for WindowsStandalone target not found
Native extension for Android target not found
Native extension for WebGL target not found
Package Manager log level set to [2]
[Package Manager] Server::EnsureServerProcessIsRunning -- launch failed, reason: Unity was launched with the -noUpm command-line argument
[Package Manager] UpmClient::Send -- Unable to send message (not connected to UPM process).
[Package Manager] Cannot connect to Unity Package Manager local server
Mono: successfully reloaded assembly
- Finished resetting the current domain, in  1.480 seconds
Domain Reload Profiling: 2887ms
	BeginReloadAssembly (307ms)
		ExecutionOrderSort (0ms)
		DisableScriptedObjects (12ms)
		BackupInstance (0ms)
		ReleaseScriptingObjects (0ms)
		CreateAndSetChildDomain (31ms)
	RebuildCommonClasses (71ms)
	RebuildNativeTypeToScriptingClass (24ms)
	initialDomainReloadingComplete (100ms)
	LoadAllAssembliesAndSetupDomain (904ms)
		LoadAssemblies (674ms)
		RebuildTransferFunctionScriptingTraits (0ms)
		AnalyzeDomain (422ms)
			TypeCache.Refresh (371ms)
				TypeCache.ScanAssembly (340ms)
			ScanForSourceGeneratedMonoScriptInfo (36ms)
			ResolveRequiredComponents (12ms)
	FinalizeReload (1481ms)
		ReleaseScriptCaches (0ms)
		RebuildScriptCaches (0ms)
		SetupLoadedEditorAssemblies (1154ms)
			LogAssemblyErrors (0ms)
			InitializePlatformSupportModulesInManaged (62ms)
			SetLoadedEditorAssemblies (6ms)
			RefreshPlugins (0ms)
			BeforeProcessingInitializeOnLoad (128ms)
			ProcessInitializeOnLoadAttributes (891ms)
			ProcessInitializeOnLoadMethodAttributes (42ms)
			AfterProcessingInitializeOnLoad (24ms)
			EditorAssembliesLoaded (0ms)
		ExecutionOrderSort2 (0ms)
		AwakeInstancesAfterBackupRestoration (15ms)
Launched and connected shader compiler UnityShaderCompiler.exe after 0.06 seconds
Refreshing native plugins compatible for Editor in 1.72 ms, found 3 plugins.
Preloading 0 native plugins for Editor in 0.00 ms.
Unloading 3769 Unused Serialized files (Serialized files now loaded: 0)
Unloading 54 unused Assets / (130.7 KB). Loaded Objects now: 4237.
Memory consumption went from 148.8 MB to 148.7 MB.
Total: 2.934400 ms (FindLiveObjects: 0.521100 ms CreateObjectMapping: 0.183800 ms MarkObjects: 2.135400 ms  DeleteObjects: 0.092700 ms)

AssetImportParameters requested are different than current active one (requested -> active):
  custom:container-demuxer-ogg: 62fdf1f143b41e24485cea50d1cbac27 -> 
  custom:video-decoder-ogg-theora: a1e56fd34408186e4bbccfd4996cb3dc -> 
  custom:framework-win-MediaFoundation: 216162199b28c13a410421893ffa2e32 -> 
  custom:CustomObjectIndexerAttribute: 756ad292c208cfabdd7b50bc23989ffe -> 
  custom:container-demuxer-webm: 4f35f7cbe854078d1ac9338744f61a02 -> 
  custom:scripting/monoscript/fileName/UnitSounds.cs: 6c2607c65d740565fa25439e884ae7db -> 
  custom:container-muxer-webm: aa71ff27fc2769a1b78a27578f13a17b -> 
  custom:video-decoder-webm-vp8: 9c59270c3fd7afecdb556c50c9e8de78 -> 
  custom:SearchIndexIgnoredProperties: e643bd26f0fe6173181afceb89e7c659 -> 
  custom:AudioImporter_EditorPlatform: d09bf68614088b80899f8185d706f6e7 -> 
  custom:video-encoder-webm-vp8: eb34c28f22e8b96e1ab97ce403110664 -> 
  custom:audio-decoder-ogg-vorbis: bf7c407c2cedff20999df2af8eb42d56 -> 
  custom:audio-encoder-webm-vorbis: bf7c407c2cedff20999df2af8eb42d56 -> 
========================================================================
Received Import Request.
  Time since last request: 11305.248194 seconds.
  path: Assets/Plugins/Demigiant/DOTween/Editor/Imgs/Footer.png
  artifactKey: Guid(7051dba417b3d53409f2918f1ea4938d) Importer(815301076,1909f56bfc062723c751e8b465ee728b)
Start importing Assets/Plugins/Demigiant/DOTween/Editor/Imgs/Footer.png using Guid(7051dba417b3d53409f2918f1ea4938d) Importer(815301076,1909f56bfc062723c751e8b465ee728b)  -> (artifact id: '475543e809714b8f53711866270e92ba') in 0.301893 seconds
Number of updated asset objects reloaded before import = 0
Number of asset objects unloaded after import = 2
========================================================================
Received Import Request.
  Time since last request: 112.036058 seconds.
  path: Assets/Kabungus/HouseholdItems/Prefabs/AmmoCrate.prefab
  artifactKey: Guid(ca1d9972fb474d344813f4b28cdd8c6f) Importer(815301076,1909f56bfc062723c751e8b465ee728b)
Start importing Assets/Kabungus/HouseholdItems/Prefabs/AmmoCrate.prefab using Guid(ca1d9972fb474d344813f4b28cdd8c6f) Importer(815301076,1909f56bfc062723c751e8b465ee728b)  -> (artifact id: 'cd658961f8f774e2a562375a3dad7959') in 0.311288 seconds
Number of updated asset objects reloaded before import = 0
Number of asset objects unloaded after import = 14
========================================================================
Received Import Request.
  Time since last request: 0.000033 seconds.
  path: Assets/Kabungus/HouseholdItems/Prefabs/BriefcaseGrey.prefab
  artifactKey: Guid(71b64d729f2131044bccc1fb512fa4d0) Importer(815301076,1909f56bfc062723c751e8b465ee728b)
Start importing Assets/Kabungus/HouseholdItems/Prefabs/BriefcaseGrey.prefab using Guid(71b64d729f2131044bccc1fb512fa4d0) Importer(815301076,1909f56bfc062723c751e8b465ee728b)  -> (artifact id: 'e07dba21e35cd47704f9d8c6f8a323ca') in 0.015623 seconds
Number of updated asset objects reloaded before import = 0
Number of asset objects unloaded after import = 14
========================================================================
Received Import Request.
  Time since last request: 0.000042 seconds.
  path: Assets/Kabungus/HouseholdItems/Prefabs/Bandages.prefab
  artifactKey: Guid(b2ca064993d295c48bc82d03be79531a) Importer(815301076,1909f56bfc062723c751e8b465ee728b)
Start importing Assets/Kabungus/HouseholdItems/Prefabs/Bandages.prefab using Guid(b2ca064993d295c48bc82d03be79531a) Importer(815301076,1909f56bfc062723c751e8b465ee728b)  -> (artifact id: 'efc7d6df8adbb7d42a0ccceb111eab24') in 0.012166 seconds
Number of updated asset objects reloaded before import = 0
Number of asset objects unloaded after import = 14
========================================================================
Received Import Request.
  Time since last request: 0.000034 seconds.
  path: Assets/Kabungus/HouseholdItems/Prefabs/CupRed.prefab
  artifactKey: Guid(16bceb75eebe6564aac541a7eec6dc8f) Importer(815301076,1909f56bfc062723c751e8b465ee728b)
Start importing Assets/Kabungus/HouseholdItems/Prefabs/CupRed.prefab using Guid(16bceb75eebe6564aac541a7eec6dc8f) Importer(815301076,1909f56bfc062723c751e8b465ee728b)  -> (artifact id: '4974713550844668d069f675f72541e8') in 0.012979 seconds
Number of updated asset objects reloaded before import = 0
Number of asset objects unloaded after import = 14
========================================================================
Received Import Request.
  Time since last request: 0.000024 seconds.
  path: Assets/Kabungus/HouseholdItems/Prefabs/Bottle2.prefab
  artifactKey: Guid(69279df67a555c54eb2fa4d2b058f581) Importer(815301076,1909f56bfc062723c751e8b465ee728b)
Start importing Assets/Kabungus/HouseholdItems/Prefabs/Bottle2.prefab using Guid(69279df67a555c54eb2fa4d2b058f581) Importer(815301076,1909f56bfc062723c751e8b465ee728b)  -> (artifact id: '357b45edacfcddc2db15e9e430956631') in 0.021210 seconds
Number of updated asset objects reloaded before import = 0
Number of asset objects unloaded after import = 14
========================================================================
Received Import Request.
  Time since last request: 0.000029 seconds.
  path: Assets/Kabungus/HouseholdItems/Prefabs/CupGreen.prefab
  artifactKey: Guid(9db4861fa3da10747a6f5aa5dfa56d0f) Importer(815301076,1909f56bfc062723c751e8b465ee728b)
Start importing Assets/Kabungus/HouseholdItems/Prefabs/CupGreen.prefab using Guid(9db4861fa3da10747a6f5aa5dfa56d0f) Importer(815301076,1909f56bfc062723c751e8b465ee728b)  -> (artifact id: '395a41df62f1fa4816bbf97e96fc2a08') in 0.013312 seconds
Number of updated asset objects reloaded before import = 0
Number of asset objects unloaded after import = 14
========================================================================
Received Import Request.
  Time since last request: 0.000025 seconds.
  path: Assets/Kabungus/HouseholdItems/Prefabs/Binoculars.prefab
  artifactKey: Guid(feda0d677f60e87469cb9da36fbe622b) Importer(815301076,1909f56bfc062723c751e8b465ee728b)
Start importing Assets/Kabungus/HouseholdItems/Prefabs/Binoculars.prefab using Guid(feda0d677f60e87469cb9da36fbe622b) Importer(815301076,1909f56bfc062723c751e8b465ee728b)  -> (artifact id: '29cfdda6c9fb09687ea5ec57681c6e53') in 0.014255 seconds
Number of updated asset objects reloaded before import = 0
Number of asset objects unloaded after import = 14
========================================================================
Received Import Request.
  Time since last request: 0.000023 seconds.
  path: Assets/Kabungus/HouseholdItems/Prefabs/Bat.prefab
  artifactKey: Guid(1a923a6404d972d40bae42bee1136b84) Importer(815301076,1909f56bfc062723c751e8b465ee728b)
Start importing Assets/Kabungus/HouseholdItems/Prefabs/Bat.prefab using Guid(1a923a6404d972d40bae42bee1136b84) Importer(815301076,1909f56bfc062723c751e8b465ee728b)  -> (artifact id: '5ee37a524793fb126e495b0172d1cded') in 0.010950 seconds
Number of updated asset objects reloaded before import = 0
Number of asset objects unloaded after import = 14
========================================================================
Received Import Request.
  Time since last request: 0.000022 seconds.
  path: Assets/Kabungus/HouseholdItems/Prefabs/Bottle3Blue.prefab
  artifactKey: Guid(4cbfeb0abc558484fabc57fa3866b1c9) Importer(815301076,1909f56bfc062723c751e8b465ee728b)
Start importing Assets/Kabungus/HouseholdItems/Prefabs/Bottle3Blue.prefab using Guid(4cbfeb0abc558484fabc57fa3866b1c9) Importer(815301076,1909f56bfc062723c751e8b465ee728b)  -> (artifact id: '093281fce675d36ce72df99672af4acd') in 0.012108 seconds
Number of updated asset objects reloaded before import = 0
Number of asset objects unloaded after import = 14
========================================================================
Received Import Request.
  Time since last request: 0.000023 seconds.
  path: Assets/Kabungus/HouseholdItems/Prefabs/Camera.prefab
  artifactKey: Guid(5c5462b9a15f5e442aa389b9dc213fd0) Importer(815301076,1909f56bfc062723c751e8b465ee728b)
Start importing Assets/Kabungus/HouseholdItems/Prefabs/Camera.prefab using Guid(5c5462b9a15f5e442aa389b9dc213fd0) Importer(815301076,1909f56bfc062723c751e8b465ee728b)  -> (artifact id: '816d5514ec6b88e6762053d4c16bd75b') in 0.012771 seconds
Number of updated asset objects reloaded before import = 0
Number of asset objects unloaded after import = 14
========================================================================
Received Import Request.
  Time since last request: 0.000026 seconds.
  path: Assets/Kabungus/HouseholdItems/Prefabs/Bookshelf.prefab
  artifactKey: Guid(f925146e97b574945b581269a9251c10) Importer(815301076,1909f56bfc062723c751e8b465ee728b)
Start importing Assets/Kabungus/HouseholdItems/Prefabs/Bookshelf.prefab using Guid(f925146e97b574945b581269a9251c10) Importer(815301076,1909f56bfc062723c751e8b465ee728b)  -> (artifact id: '99090aed61031c2d3cba1737ce949b75') in 0.024948 seconds
Number of updated asset objects reloaded before import = 0
Number of asset objects unloaded after import = 14
========================================================================
Received Import Request.
  Time since last request: 0.000255 seconds.
  path: Assets/Kabungus/HouseholdItems/Prefabs/Bottle2Purple.prefab
  artifactKey: Guid(99adc298dfe4d7c4ea42920fe16b1e4c) Importer(815301076,1909f56bfc062723c751e8b465ee728b)
Start importing Assets/Kabungus/HouseholdItems/Prefabs/Bottle2Purple.prefab using Guid(99adc298dfe4d7c4ea42920fe16b1e4c) Importer(815301076,1909f56bfc062723c751e8b465ee728b)  -> (artifact id: '196c6ba211cf4e47294aaeac48988254') in 0.017638 seconds
Number of updated asset objects reloaded before import = 0
Number of asset objects unloaded after import = 14
========================================================================
Received Import Request.
  Time since last request: 0.000025 seconds.
  path: Assets/Kabungus/HouseholdItems/Prefabs/Crowbar.prefab
  artifactKey: Guid(e8650f681653c044ebb8c523687e3b3d) Importer(815301076,1909f56bfc062723c751e8b465ee728b)
Start importing Assets/Kabungus/HouseholdItems/Prefabs/Crowbar.prefab using Guid(e8650f681653c044ebb8c523687e3b3d) Importer(815301076,1909f56bfc062723c751e8b465ee728b)  -> (artifact id: '1d434a0345da8b8ae36ff09ead7001a0') in 0.011840 seconds
Number of updated asset objects reloaded before import = 0
Number of asset objects unloaded after import = 14
========================================================================
Received Import Request.
  Time since last request: 0.000026 seconds.
  path: Assets/Kabungus/HouseholdItems/Prefabs/Cup.prefab
  artifactKey: Guid(418aa78a681688846932c1adefcabaf2) Importer(815301076,1909f56bfc062723c751e8b465ee728b)
Start importing Assets/Kabungus/HouseholdItems/Prefabs/Cup.prefab using Guid(418aa78a681688846932c1adefcabaf2) Importer(815301076,1909f56bfc062723c751e8b465ee728b)  -> (artifact id: 'f593e131a7df28bead5a9108f4c6c8ac') in 0.011541 seconds
Number of updated asset objects reloaded before import = 0
Number of asset objects unloaded after import = 14
========================================================================
Received Import Request.
  Time since last request: 0.649245 seconds.
  path: Assets/Kabungus/HouseholdItems/Prefabs/FastCoffeeCupRed.prefab
  artifactKey: Guid(60fed3e3b4b5d154b9c43cbc9e8fcf9e) Importer(815301076,1909f56bfc062723c751e8b465ee728b)
Start importing Assets/Kabungus/HouseholdItems/Prefabs/FastCoffeeCupRed.prefab using Guid(60fed3e3b4b5d154b9c43cbc9e8fcf9e) Importer(815301076,1909f56bfc062723c751e8b465ee728b)  -> (artifact id: 'b838822001f951a91e1fc38d4ec7d81d') in 0.013475 seconds
Number of updated asset objects reloaded before import = 0
Number of asset objects unloaded after import = 14
========================================================================
Received Import Request.
  Time since last request: 0.000023 seconds.
  path: Assets/Kabungus/HouseholdItems/Prefabs/FastFoodCupBlue.prefab
  artifactKey: Guid(d6f26c385193c44479a097dd991f76ed) Importer(815301076,1909f56bfc062723c751e8b465ee728b)
Start importing Assets/Kabungus/HouseholdItems/Prefabs/FastFoodCupBlue.prefab using Guid(d6f26c385193c44479a097dd991f76ed) Importer(815301076,1909f56bfc062723c751e8b465ee728b)  -> (artifact id: '78824cc5877f24988c18df812a9513f5') in 0.011802 seconds
Number of updated asset objects reloaded before import = 0
Number of asset objects unloaded after import = 14
========================================================================
Received Import Request.
  Time since last request: 0.000023 seconds.
  path: Assets/Kabungus/HouseholdItems/Prefabs/Fork.prefab
  artifactKey: Guid(3cf00da793ccf734bb21f1e166c9b7ea) Importer(815301076,1909f56bfc062723c751e8b465ee728b)
Start importing Assets/Kabungus/HouseholdItems/Prefabs/Fork.prefab using Guid(3cf00da793ccf734bb21f1e166c9b7ea) Importer(815301076,1909f56bfc062723c751e8b465ee728b)  -> (artifact id: '8b03ab5ca91a9089a0b6265349bbae62') in 0.011527 seconds
Number of updated asset objects reloaded before import = 0
Number of asset objects unloaded after import = 14
========================================================================
Received Import Request.
  Time since last request: 0.000024 seconds.
  path: Assets/Kabungus/HouseholdItems/Prefabs/FastFoodCupRed.prefab
  artifactKey: Guid(1f5e000948d14864fa8e4523638618f5) Importer(815301076,1909f56bfc062723c751e8b465ee728b)
Start importing Assets/Kabungus/HouseholdItems/Prefabs/FastFoodCupRed.prefab using Guid(1f5e000948d14864fa8e4523638618f5) Importer(815301076,1909f56bfc062723c751e8b465ee728b)  -> (artifact id: 'e0d12e1bddc551245ea889ffd562134c') in 0.011498 seconds
Number of updated asset objects reloaded before import = 0
Number of asset objects unloaded after import = 14
========================================================================
Received Import Request.
  Time since last request: 0.138428 seconds.
  path: Assets/Kabungus/HouseholdItems/Prefabs/Hammer.prefab
  artifactKey: Guid(41df444ea3a5a6047bf25530f442a1c3) Importer(815301076,1909f56bfc062723c751e8b465ee728b)
Start importing Assets/Kabungus/HouseholdItems/Prefabs/Hammer.prefab using Guid(41df444ea3a5a6047bf25530f442a1c3) Importer(815301076,1909f56bfc062723c751e8b465ee728b)  -> (artifact id: '19d0c4e91b4a88f8626f3f523c3474f5') in 0.012095 seconds
Number of updated asset objects reloaded before import = 0
Number of asset objects unloaded after import = 14
========================================================================
Received Import Request.
  Time since last request: 0.000024 seconds.
  path: Assets/Kabungus/HouseholdItems/Prefabs/HealthKit.prefab
  artifactKey: Guid(99522760dea2fad49830d37037ed51e6) Importer(815301076,1909f56bfc062723c751e8b465ee728b)
Start importing Assets/Kabungus/HouseholdItems/Prefabs/HealthKit.prefab using Guid(99522760dea2fad49830d37037ed51e6) Importer(815301076,1909f56bfc062723c751e8b465ee728b)  -> (artifact id: '5cc1aff6cedbaf4aaa28e32ff41c504f') in 0.013763 seconds
Number of updated asset objects reloaded before import = 0
Number of asset objects unloaded after import = 14
========================================================================
Received Import Request.
  Time since last request: 0.000024 seconds.
  path: Assets/Kabungus/HouseholdItems/Prefabs/Hammer2.prefab
  artifactKey: Guid(a5d7bc77926fad4418b28e7cfcfeb174) Importer(815301076,1909f56bfc062723c751e8b465ee728b)
Start importing Assets/Kabungus/HouseholdItems/Prefabs/Hammer2.prefab using Guid(a5d7bc77926fad4418b28e7cfcfeb174) Importer(815301076,1909f56bfc062723c751e8b465ee728b)  -> (artifact id: 'e9695d35254af51ea9f543bc21e74dd8') in 0.011811 seconds
Number of updated asset objects reloaded before import = 0
Number of asset objects unloaded after import = 14
========================================================================
Received Import Request.
  Time since last request: 0.000023 seconds.
  path: Assets/Kabungus/HouseholdItems/Prefabs/KitchenKnife.prefab
  artifactKey: Guid(6dfa99702458ec940b19f2d3e6f86da0) Importer(815301076,1909f56bfc062723c751e8b465ee728b)
Start importing Assets/Kabungus/HouseholdItems/Prefabs/KitchenKnife.prefab using Guid(6dfa99702458ec940b19f2d3e6f86da0) Importer(815301076,1909f56bfc062723c751e8b465ee728b)  -> (artifact id: '7e7eb0cce3837787a69b7061cdbcb450') in 0.012878 seconds
Number of updated asset objects reloaded before import = 0
Number of asset objects unloaded after import = 14
========================================================================
Received Import Request.
  Time since last request: 0.355407 seconds.
  path: Assets/Kabungus/HouseholdItems/Prefabs/Medkit.prefab
  artifactKey: Guid(f281bc33191a33d48aaa6b157ebaa913) Importer(815301076,1909f56bfc062723c751e8b465ee728b)
Start importing Assets/Kabungus/HouseholdItems/Prefabs/Medkit.prefab using Guid(f281bc33191a33d48aaa6b157ebaa913) Importer(815301076,1909f56bfc062723c751e8b465ee728b)  -> (artifact id: '35083202d6bb3214516f49c12458351e') in 0.017785 seconds
Number of updated asset objects reloaded before import = 0
Number of asset objects unloaded after import = 14
========================================================================
Received Import Request.
  Time since last request: 0.000027 seconds.
  path: Assets/Kabungus/HouseholdItems/Prefabs/Mug_001.prefab
  artifactKey: Guid(cffecc893f3680d48b54934f84bd7b48) Importer(815301076,1909f56bfc062723c751e8b465ee728b)
Start importing Assets/Kabungus/HouseholdItems/Prefabs/Mug_001.prefab using Guid(cffecc893f3680d48b54934f84bd7b48) Importer(815301076,1909f56bfc062723c751e8b465ee728b)  -> (artifact id: '82fdf83fdcb1b884cf30c15ee73c5673') in 0.012026 seconds
Number of updated asset objects reloaded before import = 0
Number of asset objects unloaded after import = 14
========================================================================
Received Import Request.
  Time since last request: 0.000025 seconds.
  path: Assets/Kabungus/HouseholdItems/Prefabs/MilkCartonRed.prefab
  artifactKey: Guid(55806676c5f5a2c4498bc7a821d7c7ab) Importer(815301076,1909f56bfc062723c751e8b465ee728b)
Start importing Assets/Kabungus/HouseholdItems/Prefabs/MilkCartonRed.prefab using Guid(55806676c5f5a2c4498bc7a821d7c7ab) Importer(815301076,1909f56bfc062723c751e8b465ee728b)  -> (artifact id: 'c95cae0b4c6101cd52bb1ee65e6e8206') in 0.011542 seconds
Number of updated asset objects reloaded before import = 0
Number of asset objects unloaded after import = 14
========================================================================
Received Import Request.
  Time since last request: 0.000027 seconds.
  path: Assets/Kabungus/HouseholdItems/Prefabs/MilkCartonBlue.prefab
  artifactKey: Guid(6d08c488831fb6f43931534c0980cf22) Importer(815301076,1909f56bfc062723c751e8b465ee728b)
Start importing Assets/Kabungus/HouseholdItems/Prefabs/MilkCartonBlue.prefab using Guid(6d08c488831fb6f43931534c0980cf22) Importer(815301076,1909f56bfc062723c751e8b465ee728b)  -> (artifact id: 'fd98e0cf8df1e3d76277cd2b5d70b9c9') in 0.011744 seconds
Number of updated asset objects reloaded before import = 0
Number of asset objects unloaded after import = 14
========================================================================
Received Import Request.
  Time since last request: 0.399253 seconds.
  path: Assets/Kabungus/HouseholdItems/Prefabs/Pencil.prefab
  artifactKey: Guid(63cf03f93fe7e0946ba68936c9807e6a) Importer(815301076,1909f56bfc062723c751e8b465ee728b)
Start importing Assets/Kabungus/HouseholdItems/Prefabs/Pencil.prefab using Guid(63cf03f93fe7e0946ba68936c9807e6a) Importer(815301076,1909f56bfc062723c751e8b465ee728b)  -> (artifact id: 'a70ad32785beee86736dbdcba583e43e') in 0.018101 seconds
Number of updated asset objects reloaded before import = 0
Number of asset objects unloaded after import = 14
========================================================================
Received Import Request.
  Time since last request: 0.000027 seconds.
  path: Assets/Kabungus/HouseholdItems/Prefabs/Saw.prefab
  artifactKey: Guid(b087e7cfb0a9a204b97125f497052e92) Importer(815301076,1909f56bfc062723c751e8b465ee728b)
Start importing Assets/Kabungus/HouseholdItems/Prefabs/Saw.prefab using Guid(b087e7cfb0a9a204b97125f497052e92) Importer(815301076,1909f56bfc062723c751e8b465ee728b)  -> (artifact id: '35fdc23637e999dc89d2cdcab133a3b4') in 0.013262 seconds
Number of updated asset objects reloaded before import = 0
Number of asset objects unloaded after import = 14
========================================================================
Received Import Request.
  Time since last request: 0.000027 seconds.
  path: Assets/Kabungus/HouseholdItems/Prefabs/PillBottle.prefab
  artifactKey: Guid(43d697a26e4cf694fa1de5435575341d) Importer(815301076,1909f56bfc062723c751e8b465ee728b)
Start importing Assets/Kabungus/HouseholdItems/Prefabs/PillBottle.prefab using Guid(43d697a26e4cf694fa1de5435575341d) Importer(815301076,1909f56bfc062723c751e8b465ee728b)  -> (artifact id: 'f4d55967f6b04555e5f418ee98e5e00f') in 0.012891 seconds
Number of updated asset objects reloaded before import = 0
Number of asset objects unloaded after import = 14
========================================================================
Received Import Request.
  Time since last request: 0.000026 seconds.
  path: Assets/Kabungus/HouseholdItems/Prefabs/Pot.prefab
  artifactKey: Guid(64f28e658a9052142b5cee723a7beec3) Importer(815301076,1909f56bfc062723c751e8b465ee728b)
Start importing Assets/Kabungus/HouseholdItems/Prefabs/Pot.prefab using Guid(64f28e658a9052142b5cee723a7beec3) Importer(815301076,1909f56bfc062723c751e8b465ee728b)  -> (artifact id: '8b3528bc83ee1f37d72d1c69908a8f51') in 0.012877 seconds
Number of updated asset objects reloaded before import = 0
Number of asset objects unloaded after import = 14
========================================================================
Received Import Request.
  Time since last request: 0.041153 seconds.
  path: Assets/Kabungus/HouseholdItems/Prefabs/ScrewDriverRed.prefab
  artifactKey: Guid(dc207f51070697d45bf52f59c0ab4ad9) Importer(815301076,1909f56bfc062723c751e8b465ee728b)
Start importing Assets/Kabungus/HouseholdItems/Prefabs/ScrewDriverRed.prefab using Guid(dc207f51070697d45bf52f59c0ab4ad9) Importer(815301076,1909f56bfc062723c751e8b465ee728b)  -> (artifact id: '0a577e57b63cdde4b7f74c5881433761') in 0.012624 seconds
Number of updated asset objects reloaded before import = 0
Number of asset objects unloaded after import = 14
========================================================================
Received Import Request.
  Time since last request: 0.000027 seconds.
  path: Assets/Kabungus/HouseholdItems/Prefabs/SledgeHammer.prefab
  artifactKey: Guid(7c84ec7fc361f7d4cbe6b06be010b561) Importer(815301076,1909f56bfc062723c751e8b465ee728b)
Start importing Assets/Kabungus/HouseholdItems/Prefabs/SledgeHammer.prefab using Guid(7c84ec7fc361f7d4cbe6b06be010b561) Importer(815301076,1909f56bfc062723c751e8b465ee728b)  -> (artifact id: 'f8371f4e18781eab3e6d346205d43134') in 0.037927 seconds
Number of updated asset objects reloaded before import = 0
Number of asset objects unloaded after import = 14
========================================================================
Received Import Request.
  Time since last request: 0.000029 seconds.
  path: Assets/Kabungus/HouseholdItems/Prefabs/SmartPhoneBlue.prefab
  artifactKey: Guid(2719a95c38b0e9740803f39cddce0c4a) Importer(815301076,1909f56bfc062723c751e8b465ee728b)
Start importing Assets/Kabungus/HouseholdItems/Prefabs/SmartPhoneBlue.prefab using Guid(2719a95c38b0e9740803f39cddce0c4a) Importer(815301076,1909f56bfc062723c751e8b465ee728b)  -> (artifact id: '4760e9404c04f7db8c100ead0f68bd65') in 0.011646 seconds
Number of updated asset objects reloaded before import = 0
Number of asset objects unloaded after import = 14
========================================================================
Received Import Request.
  Time since last request: 0.000037 seconds.
  path: Assets/Kabungus/HouseholdItems/Prefabs/SmartPhoneGreen.prefab
  artifactKey: Guid(f193c0694f6c77141b8317c4fb5d55e1) Importer(815301076,1909f56bfc062723c751e8b465ee728b)
Start importing Assets/Kabungus/HouseholdItems/Prefabs/SmartPhoneGreen.prefab using Guid(f193c0694f6c77141b8317c4fb5d55e1) Importer(815301076,1909f56bfc062723c751e8b465ee728b)  -> (artifact id: 'e5d54e8b198ee341de8ac6a5b6d03c0f') in 0.011888 seconds
Number of updated asset objects reloaded before import = 0
Number of asset objects unloaded after import = 14
========================================================================
Received Import Request.
  Time since last request: 0.419305 seconds.
  path: Assets/Kabungus/HouseholdItems/Prefabs/Spatula.prefab
  artifactKey: Guid(1c10448b6e7f12640a99174e814454ad) Importer(815301076,1909f56bfc062723c751e8b465ee728b)
Start importing Assets/Kabungus/HouseholdItems/Prefabs/Spatula.prefab using Guid(1c10448b6e7f12640a99174e814454ad) Importer(815301076,1909f56bfc062723c751e8b465ee728b)  -> (artifact id: '796a933834c9007d904f8b2da2c561ac') in 0.013334 seconds
Number of updated asset objects reloaded before import = 0
Number of asset objects unloaded after import = 14
========================================================================
Received Import Request.
  Time since last request: 0.000027 seconds.
  path: Assets/Kabungus/HouseholdItems/Prefabs/TapeMeasurer.prefab
  artifactKey: Guid(3c32f03f928ef1c4a94f3109d8713b2b) Importer(815301076,1909f56bfc062723c751e8b465ee728b)
Start importing Assets/Kabungus/HouseholdItems/Prefabs/TapeMeasurer.prefab using Guid(3c32f03f928ef1c4a94f3109d8713b2b) Importer(815301076,1909f56bfc062723c751e8b465ee728b)  -> (artifact id: '724c43982fd7d660a5169bf8233ad729') in 0.013774 seconds
Number of updated asset objects reloaded before import = 0
Number of asset objects unloaded after import = 14
========================================================================
Received Import Request.
  Time since last request: 0.000027 seconds.
  path: Assets/Kabungus/HouseholdItems/Prefabs/ToolboxRed.prefab
  artifactKey: Guid(59acd335cbd226f44ade069d962cfb82) Importer(815301076,1909f56bfc062723c751e8b465ee728b)
Start importing Assets/Kabungus/HouseholdItems/Prefabs/ToolboxRed.prefab using Guid(59acd335cbd226f44ade069d962cfb82) Importer(815301076,1909f56bfc062723c751e8b465ee728b)  -> (artifact id: '0ee96978371a503e9a4dc5ca4131938f') in 0.012594 seconds
Number of updated asset objects reloaded before import = 0
Number of asset objects unloaded after import = 27
========================================================================
Received Import Request.
  Time since last request: 0.000026 seconds.
  path: Assets/Kabungus/HouseholdItems/Prefabs/TVStand.prefab
  artifactKey: Guid(995d572cf8cf5154497fdab8dc93f5d2) Importer(815301076,1909f56bfc062723c751e8b465ee728b)
Start importing Assets/Kabungus/HouseholdItems/Prefabs/TVStand.prefab using Guid(995d572cf8cf5154497fdab8dc93f5d2) Importer(815301076,1909f56bfc062723c751e8b465ee728b)  -> (artifact id: 'eec9e059225c5873439f98b4cc49ac02') in 0.012379 seconds
Number of updated asset objects reloaded before import = 0
Number of asset objects unloaded after import = 14
========================================================================
Received Import Request.
  Time since last request: 0.000025 seconds.
  path: Assets/Kabungus/HouseholdItems/Prefabs/ToothbrushBlue.prefab
  artifactKey: Guid(5b163acf2203c4347ba7005c61099f50) Importer(815301076,1909f56bfc062723c751e8b465ee728b)
Start importing Assets/Kabungus/HouseholdItems/Prefabs/ToothbrushBlue.prefab using Guid(5b163acf2203c4347ba7005c61099f50) Importer(815301076,1909f56bfc062723c751e8b465ee728b)  -> (artifact id: 'aa9a70c9ce2b4b3a7431e8df468d5761') in 0.012885 seconds
Number of updated asset objects reloaded before import = 0
Number of asset objects unloaded after import = 14
========================================================================
Received Import Request.
  Time since last request: 0.000027 seconds.
  path: Assets/Kabungus/HouseholdItems/Prefabs/TV.prefab
  artifactKey: Guid(80872c6dd156f544788e44da2ac91219) Importer(815301076,1909f56bfc062723c751e8b465ee728b)
Start importing Assets/Kabungus/HouseholdItems/Prefabs/TV.prefab using Guid(80872c6dd156f544788e44da2ac91219) Importer(815301076,1909f56bfc062723c751e8b465ee728b)  -> (artifact id: 'd820b2f34f3fe10a9c89a53014ad4858') in 0.012922 seconds
Number of updated asset objects reloaded before import = 0
Number of asset objects unloaded after import = 14
========================================================================
Received Import Request.
  Time since last request: 0.000027 seconds.
  path: Assets/Kabungus/HouseholdItems/Prefabs/Spoon.prefab
  artifactKey: Guid(442eaa97db620e14598bf388fa834a72) Importer(815301076,1909f56bfc062723c751e8b465ee728b)
Start importing Assets/Kabungus/HouseholdItems/Prefabs/Spoon.prefab using Guid(442eaa97db620e14598bf388fa834a72) Importer(815301076,1909f56bfc062723c751e8b465ee728b)  -> (artifact id: 'eb1acaf7f64029f9b0649cf37579621d') in 0.012242 seconds
Number of updated asset objects reloaded before import = 0
Number of asset objects unloaded after import = 14
Editor requested this worker to shutdown with reason: Scaling down because of idle timeout
TcpMessagingSession - receive error
AssetImportWorkerClient::OnTransportError - code=2 error=End of file
AssetImportWorker is now disconnected from the server
Process exiting
Exiting without the bug reporter. Application will terminate with return code 0